0   1.67142   0
1   1.72216   0.0507383
2   1.69958   0.0369901
3   1.71146   0.0287288
4   1.71552   0.0226201
5   1.71119   0.0189693
6   1.71299   0.0161325
7   1.72219   0.0167279
8   1.72583   0.0151948
9   1.73272   0.0152381
10   1.72893   0.0142933
11   1.72718   0.0131657
12   1.72942   0.0123163
13   1.72665   0.0117327
14   1.72288   0.0115577
15   1.72138   0.0109139
16   1.71874   0.0105863
17   1.71583   0.0103982
18   1.71301   0.0102305
19   1.71176   0.00978556
20   1.71174   0.00930795
21   1.71373   0.00909505
22   1.7161   0.00900762
23   1.71365   0.00896668
24   1.71234   0.00869839
25   1.71123   0.00843065
26   1.71018   0.00818087
27   1.71324   0.008457
28   1.71329   0.00816031
29   1.71189   0.00800716
30   1.71264   0.00778144
31   1.71337   0.00756959
32   1.71424   0.00738735
33   1.71272   0.00732529
34   1.71306   0.00712095
35   1.71249   0.00694356
36   1.71212   0.00676355
37   1.7115   0.00661254
38   1.7119   0.00645311
39   1.71148   0.00630362
40   1.71108   0.00616079
41   1.71215   0.00610746
42   1.71307   0.00603364
43   1.71404   0.00597385
44   1.71518   0.00594996
45   1.71443   0.00586674
46   1.71418   0.00574624
47   1.71401   0.00562783
48   1.71593   0.0058378
49   1.71579   0.00572163
50   1.71497   0.00566703
51   1.71403   0.00563607
52   1.71392   0.00552981
53   1.71432   0.00544099
54   1.71558   0.00548885
55   1.71466   0.00546947
56   1.71577   0.00548768
57   1.71508   0.00543642
58   1.71544   0.00535576
59   1.71495   0.00528876
60   1.71584   0.0052776
61   1.71587   0.00519183
62   1.71641   0.00513699
63   1.7159   0.00508182
64   1.7158   0.00500402
65   1.71706   0.00508717
66   1.71746   0.00502682
67   1.71739   0.00495289
68   1.7172   0.00488423
69   1.71751   0.00482373
70   1.71784   0.00476706
71   1.71895   0.00482852
72   1.71898   0.00476204
73   1.71967   0.00474813
74   1.72002   0.00469691
75   1.71944   0.0046709
76   1.71929   0.00461227
77   1.71923   0.00455307
78   1.71923   0.00449507
79   1.71961   0.00445453
80   1.72022   0.00444133
81   1.72043   0.0043917
82   1.72071   0.00434768
83   1.72069   0.00429564
84   1.72068   0.00424483
85   1.72068   0.00419519
86   1.72135   0.00420146
87   1.72124   0.00415503
88   1.72154   0.00411931
89   1.72151   0.00407339
90   1.72111   0.00404823
91   1.72132   0.00400955
92   1.72089   0.00398988
93   1.72073   0.00395052
94   1.72004   0.00396913
95   1.71981   0.00393407
96   1.71954   0.00390291
97   1.71887   0.00391965
98   1.71869   0.0038844
99   1.71879   0.00384666
