0   -4.93145   0
1   -4.9813   0.0498465
2   -4.95887   0.0364831
3   -4.97124   0.0286069
4   -4.97523   0.0225153
5   -4.97084   0.0189007
6   -4.9731   0.0161331
7   -4.9828   0.0170067
8   -4.98663   0.0154816
9   -4.99361   0.0155065
10   -4.98999   0.0144868
11   -4.98808   0.0133613
12   -4.99001   0.0124404
13   -4.98714   0.0118688
14   -4.98324   0.0117155
15   -4.98178   0.0110558
16   -4.97912   0.0107201
17   -4.97598   0.010586
18   -4.9731   0.010418
19   -4.97176   0.00997377
20   -4.97167   0.00948736
21   -4.97369   0.00926829
22   -4.97598   0.00914822
23   -4.97357   0.00908472
24   -4.97229   0.00880685
25   -4.97124   0.0085272
26   -4.97016   0.00827636
27   -4.97325   0.00855419
28   -4.97324   0.00825396
29   -4.97171   0.00811849
30   -4.97246   0.00788804
31   -4.97323   0.00767611
32   -4.97417   0.00749884
33   -4.97268   0.00742659
34   -4.97303   0.0072198
35   -4.97243   0.00704163
36   -4.97207   0.00685822
37   -4.97148   0.00670167
38   -4.97187   0.00653936
39   -4.9715   0.00638422
40   -4.9711   0.00623974
41   -4.97216   0.00618137
42   -4.97302   0.00609716
43   -4.97396   0.00603105
44   -4.97511   0.0060053
45   -4.97438   0.00591808
46   -4.9741   0.00579781
47   -4.97394   0.00567776
48   -4.97588   0.00588725
49   -4.9757   0.0057711
50   -4.97486   0.00571868
51   -4.97393   0.0056835
52   -4.97384   0.0055761
53   -4.97428   0.00548953
54   -4.97555   0.00553786
55   -4.97457   0.00552576
56   -4.97566   0.00553667
57   -4.97496   0.00548543
58   -4.97536   0.00540617
59   -4.97489   0.00533613
60   -4.97584   0.00533343
61   -4.9759   0.00524712
62   -4.97643   0.0051902
63   -4.97587   0.00513973
64   -4.97574   0.00506165
65   -4.97701   0.00514272
66   -4.97741   0.00508166
67   -4.97734   0.0050069
68   -4.97719   0.00493619
69   -4.97753   0.00487705
70   -4.97788   0.00482072
71   -4.97898   0.00487839
72   -4.97903   0.00481143
73   -4.97974   0.00479852
74   -4.9801   0.00474786
75   -4.9795   0.00472366
76   -4.9793   0.00466628
77   -4.97916   0.004608
78   -4.97916   0.00454929
79   -4.97956   0.00450984
80   -4.9802   0.00449959
81   -4.98043   0.00445035
82   -4.98073   0.00440665
83   -4.98075   0.00435395
84   -4.98074   0.00430246
85   -4.98072   0.00425217
86   -4.98143   0.00426221
87   -4.9813   0.00421538
88   -4.98162   0.00417979
89   -4.98161   0.0041331
90   -4.9812   0.00410773
91   -4.98139   0.00406733
92   -4.98097   0.00404514
93   -4.98082   0.00400477
94   -4.98012   0.00402361
95   -4.97987   0.00398923
96   -4.97958   0.00395892
97   -4.97892   0.00397325
98   -4.97874   0.00393723
99   -4.97883   0.00389884
