0   -3.26003   0
1   -3.25914   0.000891853
2   -3.2593   0.000540139
3   -3.25978   0.00061323
4   -3.25971   0.000479594
5   -3.25965   0.000396671
6   -3.26011   0.000571431
7   -3.26061   0.00070134
8   -3.26081   0.000649516
9   -3.26089   0.00058749
10   -3.26105   0.000554781
11   -3.2609   0.000527954
12   -3.26059   0.000579903
13   -3.26048   0.000546719
14   -3.26037   0.000521934
15   -3.2604   0.000489323
16   -3.26038   0.000460036
17   -3.26015   0.000491879
18   -3.26009   0.000469209
19   -3.26   0.000454273
20   -3.25993   0.000437644
21   -3.25996   0.000418273
22   -3.25988   0.000406738
23   -3.25993   0.000391787
24   -3.25995   0.000376551
25   -3.26   0.000365669
26   -3.25998   0.00035282
27   -3.26001   0.000341446
28   -3.25995   0.000334997
29   -3.25983   0.000346297
30   -3.25982   0.000334993
31   -3.25986   0.000326654
32   -3.25993   0.000325225
33   -3.25995   0.000316315
34   -3.25997   0.000307399
35   -3.25994   0.000300061
36   -3.25995   0.00029204
37   -3.25998   0.0002857
38   -3.25997   0.000278354
39   -3.26003   0.000276531
40   -3.26002   0.00026981
41   -3.26001   0.000263548
42   -3.25995   0.000262891
43   -3.25993   0.000258116
44   -3.25993   0.000252327
45   -3.25995   0.000247503
46   -3.25992   0.000243988
47   -3.25994   0.000239612
48   -3.25995   0.000234882
49   -3.25991   0.000233101
50   -3.25989   0.000229881
51   -3.2599   0.000225935
52   -3.25991   0.00022196
53   -3.25996   0.000221876
54   -3.25997   0.000218108
55   -3.25992   0.00022021
56   -3.25989   0.000217851
57   -3.25988   0.000214289
58   -3.25991   0.000213285
59   -3.25994   0.00021084
60   -3.25999   0.000215099
61   -3.26004   0.000215959
62   -3.26003   0.000212683
63   -3.25997   0.000216528
64   -3.25994   0.000215017
65   -3.25995   0.000211746
66   -3.25995   0.000208597
67   -3.25995   0.00020551
68   -3.25999   0.000205572
69   -3.26002   0.000205324
70   -3.26004   0.000203151
71   -3.26003   0.000200443
72   -3.26005   0.000198916
73   -3.26007   0.000196782
74   -3.26009   0.000195004
75   -3.26006   0.000193786
76   -3.26001   0.000198233
77   -3.25993   0.000211154
78   -3.25993   0.000208536
79   -3.25995   0.000207163
80   -3.25998   0.000206752
81   -3.26   0.000205596
82   -3.26002   0.00020385
83   -3.26006   0.000205781
84   -3.26006   0.000203367
85   -3.26004   0.00020161
86   -3.26007   0.000201793
87   -3.26006   0.000199783
88   -3.26008   0.000197952
89   -3.2601   0.000196715
90   -3.26009   0.000194689
91   -3.26007   0.00019362
92   -3.26008   0.000192095
93   -3.26009   0.00019027
94   -3.26008   0.000188486
95   -3.26006   0.000187868
96   -3.26004   0.000187172
97   -3.26004   0.000185357
98   -3.26005   0.000183511
99   -3.26004   0.000181705
