0   2.52726   0
1   2.30685   0.220409
2   2.3606   0.138139
3   2.33154   0.10191
4   2.32478   0.0792278
5   2.36276   0.0750124
6   2.35438   0.0639488
7   2.31871   0.0658725
8   2.28681   0.0662765
9   2.27482   0.0604806
10   2.26667   0.0553105
11   2.28545   0.0538703
12   2.28581   0.0495548
13   2.2913   0.0462065
14   2.31683   0.0500203
15   2.30938   0.0473796
16   2.32997   0.0490391
17   2.34058   0.047436
18   2.35095   0.0460531
19   2.36281   0.0452709
20   2.36494   0.0431138
21   2.35819   0.0416581
22   2.35405   0.04002
23   2.35286   0.0383346
24   2.36245   0.0379972
25   2.3652   0.0366099
26   2.3731   0.0361028
27   2.36251   0.0363641
28   2.36044   0.0351486
29   2.36964   0.0351794
30   2.36703   0.0341254
31   2.37111   0.0332931
32   2.36512   0.032821
33   2.37472   0.033258
34   2.37789   0.0324486
35   2.38451   0.0322228
36   2.38511   0.0313456
37   2.39148   0.0311673
38   2.39077   0.0303661
39   2.38969   0.0296165
40   2.39074   0.0289041
41   2.38841   0.0283038
42   2.38772   0.0276463
43   2.3861   0.0270589
44   2.38136   0.0268722
45   2.37863   0.0264233
46   2.38734   0.0272833
47   2.38645   0.0267238
48   2.38359   0.0263289
49   2.39029   0.0266546
50   2.39156   0.0261574
51   2.39582   0.0260018
52   2.39345   0.0256168
53   2.38938   0.0254645
54   2.3858   0.0252533
55   2.38701   0.0248279
56   2.38459   0.0245084
57   2.38258   0.0241656
58   2.38556   0.0239382
59   2.38708   0.0235849
60   2.38006   0.0242322
61   2.38074   0.0238478
62   2.37736   0.0237079
63   2.38296   0.023996
64   2.37767   0.0242083
65   2.37342   0.0242154
66   2.37239   0.0238736
67   2.37237   0.0235199
68   2.37025   0.0232735
69   2.36863   0.0229951
70   2.36718   0.0227155
71   2.36239   0.0229043
72   2.36254   0.0225889
73   2.36469   0.0223846
74   2.36344   0.0221191
75   2.36602   0.021978
76   2.36685   0.0217066
77   2.36853   0.0214917
78   2.36839   0.0212183
79   2.36699   0.0209982
80   2.36303   0.0211128
81   2.36311   0.0208539
82   2.35997   0.0208391
83   2.35862   0.0206338
84   2.3602   0.0204507
85   2.36073   0.0202185
86   2.35542   0.0206772
87   2.35693   0.0204962
88   2.35459   0.0203986
89   2.35334   0.0202093
90   2.35048   0.0201896
91   2.35115   0.0199802
92   2.35332   0.0198828
93   2.35168   0.0197384
94   2.35558   0.0199149
95   2.35609   0.0197129
96   2.35716   0.0195382
97   2.36292   0.0201765
98   2.36317   0.0199733
99   2.36202   0.0198063
