0   1.11428   0
1   1.14811   0.0338256
2   1.13305   0.02466
3   1.14097   0.0191526
4   1.14368   0.01508
5   1.14079   0.0126462
6   1.14199   0.010755
7   1.14812   0.0111519
8   1.15055   0.0101299
9   1.15514   0.0101587
10   1.15262   0.00952884
11   1.15145   0.00877712
12   1.15295   0.00821089
13   1.1511   0.00782181
14   1.14858   0.00770514
15   1.14759   0.00727596
16   1.14583   0.00705754
17   1.14388   0.0069321
18   1.14201   0.00682033
19   1.14117   0.00652371
20   1.14116   0.0062053
21   1.14249   0.00606337
22   1.14407   0.00600508
23   1.14243   0.00597779
24   1.14156   0.00579892
25   1.14082   0.00562044
26   1.14012   0.00545392
27   1.14216   0.005638
28   1.14219   0.00544021
29   1.14126   0.00533811
30   1.14176   0.00518763
31   1.14225   0.00504639
32   1.14282   0.0049249
33   1.14181   0.00488352
34   1.14204   0.0047473
35   1.14166   0.00462904
36   1.14141   0.00450903
37   1.141   0.00440836
38   1.14126   0.00430207
39   1.14098   0.00420241
40   1.14072   0.0041072
41   1.14144   0.00407164
42   1.14205   0.00402243
43   1.14269   0.00398257
44   1.14345   0.00396664
45   1.14295   0.00391116
46   1.14278   0.00383083
47   1.14267   0.00375189
48   1.14395   0.00389187
49   1.14386   0.00381442
50   1.14332   0.00377802
51   1.14269   0.00375738
52   1.14261   0.00368654
53   1.14288   0.00362733
54   1.14372   0.00365924
55   1.1431   0.00364632
56   1.14385   0.00365845
57   1.14339   0.00362428
58   1.14363   0.00357051
59   1.1433   0.00352584
60   1.1439   0.0035184
61   1.14391   0.00346122
62   1.14427   0.00342466
63   1.14393   0.00338788
64   1.14386   0.00333601
65   1.14471   0.00339145
66   1.14497   0.00335121
67   1.14493   0.00330193
68   1.1448   0.00325615
69   1.145   0.00321582
70   1.14523   0.00317804
71   1.14596   0.00321901
72   1.14599   0.00317469
73   1.14645   0.00316542
74   1.14668   0.00313128
75   1.14629   0.00311393
76   1.14619   0.00307485
77   1.14616   0.00303538
78   1.14616   0.00299671
79   1.14641   0.00296969
80   1.14681   0.00296089
81   1.14695   0.0029278
82   1.14714   0.00289845
83   1.14713   0.00286376
84   1.14712   0.00282989
85   1.14712   0.00279679
86   1.14757   0.00280097
87   1.14749   0.00277002
88   1.1477   0.00274621
89   1.14768   0.0027156
90   1.14741   0.00269882
91   1.14755   0.00267304
92   1.14726   0.00265992
93   1.14715   0.00263368
94   1.14669   0.00264609
95   1.14654   0.00262272
96   1.14636   0.00260194
97   1.14592   0.0026131
98   1.14579   0.0025896
99   1.14586   0.00256444
