0   2.81211   0
1   2.75834   0.0537632
2   2.77627   0.0358447
3   2.76669   0.0270951
4   2.7373   0.0361162
5   2.72288   0.0328277
6   2.74265   0.034068
7   2.77839   0.0463506
8   2.79661   0.0447504
9   2.80901   0.0419026
10   2.80378   0.0382609
11   2.79376   0.0363365
12   2.78656   0.0341903
13   2.78672   0.0316545
14   2.79283   0.0300966
15   2.80358   0.0301353
16   2.80495   0.0283399
17   2.79223   0.0295898
18   2.78178   0.0298773
19   2.77567   0.0289953
20   2.77361   0.0276568
21   2.77149   0.0264548
22   2.76844   0.0254614
23   2.7658   0.0245204
24   2.76581   0.0235191
25   2.76435   0.0226437
26   2.76304   0.0218282
27   2.76307   0.0210342
28   2.76908   0.0211657
29   2.7735   0.0209209
30   2.77881   0.0209191
31   2.7763   0.02041
32   2.765   0.0227813
33   2.75715   0.023452
34   2.75895   0.0228432
35   2.76161   0.0223584
36   2.75976   0.0218249
37   2.75621   0.0215368
38   2.75363   0.0211347
39   2.75503   0.0206466
40   2.75652   0.0201919
41   2.75447   0.0198115
42   2.75515   0.0193571
43   2.76105   0.0198122
44   2.76521   0.0198081
45   2.76597   0.0193879
46   2.76855   0.0191444
47   2.77191   0.0190407
48   2.77474   0.0188618
49   2.77848   0.0188547
50   2.77961   0.0185157
51   2.77623   0.0184667
52   2.77539   0.0181347
53   2.77682   0.0178535
54   2.77723   0.0175307
55   2.77375   0.0175638
56   2.77195   0.0173467
57   2.77204   0.0170453
58   2.76902   0.017023
59   2.7652   0.017168
60   2.76437   0.0169044
61   2.76439   0.0166296
62   2.76429   0.0163638
63   2.76678   0.0162971
64   2.7693   0.0162417
65   2.77336   0.016501
66   2.77747   0.0167627
67   2.77799   0.0165228
68   2.77648   0.0163521
69   2.77514   0.0161721
70   2.77578   0.0159555
71   2.77608   0.0157351
72   2.77382   0.0156814
73   2.77123   0.0156834
74   2.76839   0.0157305
75   2.76666   0.015619
76   2.76694   0.0154175
77   2.76671   0.0152203
78   2.76741   0.0150424
79   2.76847   0.0148911
80   2.76965   0.0147539
81   2.77041   0.0145922
82   2.76749   0.0147072
83   2.76555   0.0146605
84   2.76635   0.0145095
85   2.76816   0.0144527
86   2.76876   0.0142984
87   2.77064   0.0142598
88   2.7725   0.0142208
89   2.77338   0.0140895
90   2.77425   0.0139605
91   2.7757   0.0138837
92   2.77786   0.0139025
93   2.77827   0.0137602
94   2.77764   0.0136294
95   2.77722   0.0134931
96   2.77919   0.0134971
97   2.78145   0.013549
98   2.78181   0.0134162
99   2.78028   0.0133691
