0   4.88781   0
1   4.98485   0.0970454
2   4.92121   0.0847925
3   4.95928   0.0710208
4   5.0188   0.0810486
5   5.03777   0.0688416
6   4.99351   0.0730995
7   4.8763   0.133213
8   4.76759   0.160067
9   4.69162   0.162074
10   4.71288   0.148135
11   4.74225   0.13838
12   4.74473   0.127315
13   4.72279   0.119895
14   4.69815   0.114304
15   4.67354   0.109717
16   4.67185   0.103075
17   4.72454   0.110546
18   4.77883   0.117821
19   4.81307   0.116901
20   4.80616   0.111409
21   4.78327   0.108664
22   4.73671   0.113791
23   4.70939   0.112321
24   4.70186   0.107998
25   4.71772   0.104966
26   4.73992   0.103414
27   4.75486   0.100767
28   4.74527   0.0977021
29   4.74395   0.0943983
30   4.73459   0.0917808
31   4.74931   0.090076
32   4.79143   0.0969325
33   4.82634   0.100312
34   4.82908   0.0974423
35   4.82562   0.0947602
36   4.82143   0.0922587
37   4.82299   0.0898115
38   4.82644   0.0875463
39   4.82547   0.0853351
40   4.82118   0.083338
41   4.83164   0.0819993
42   4.8337   0.0800962
43   4.82059   0.0793465
44   4.80667   0.0788011
45   4.80079   0.077293
46   4.79163   0.076184
47   4.78261   0.0751233
48   4.76847   0.0749198
49   4.75313   0.0749927
50   4.75678   0.0735981
51   4.77365   0.074114
52   4.77395   0.0727028
53   4.76559   0.0718322
54   4.77025   0.0706678
55   4.78994   0.0721346
56   4.80143   0.0717836
57   4.79958   0.0705595
58   4.79952   0.0693533
59   4.8023   0.0682443
60   4.80094   0.0671301
61   4.80048   0.0660401
62   4.80965   0.0656274
63   4.81123   0.0646132
64   4.80977   0.0636282
65   4.79678   0.0639891
66   4.78091   0.0649929
67   4.7757   0.0642416
68   4.77708   0.0633188
69   4.77739   0.0624084
70   4.77238   0.0617271
71   4.76748   0.0610603
72   4.77284   0.0604565
73   4.78231   0.0603809
74   4.79288   0.0605006
75   4.79661   0.0598157
76   4.79731   0.0590379
77   4.79834   0.0582852
78   4.79292   0.0577979
79   4.78948   0.057174
80   4.78617   0.0565611
81   4.78067   0.0561367
82   4.7877   0.0558994
83   4.7905   0.0553013
84   4.78598   0.0548341
85   4.77814   0.0547562
86   4.77539   0.054193
87   4.77172   0.0536994
88   4.76837   0.0531981
89   4.76901   0.0526076
90   4.76763   0.0520446
91   4.76446   0.0515737
92   4.76043   0.0511747
93   4.7627   0.0506781
94   4.76557   0.0502241
95   4.76604   0.0497004
96   4.76247   0.049315
97   4.75975   0.0488848
98   4.76037   0.0483924
99   4.76329   0.0479947
