0   -4.45772   0
1   -4.40521   0.0525043
2   -4.42338   0.0353423
3   -4.41368   0.0268064
4   -4.38456   0.0357651
5   -4.37124   0.0320968
6   -4.39228   0.0343299
7   -4.42826   0.0466694
8   -4.44634   0.0449571
9   -4.45877   0.0420863
10   -4.45348   0.0384334
11   -4.44337   0.0365141
12   -4.43621   0.0343429
13   -4.43637   0.0317957
14   -4.44268   0.0302672
15   -4.45355   0.0303238
16   -4.45463   0.0285049
17   -4.44183   0.0297677
18   -4.43124   0.0300828
19   -4.42502   0.0292091
20   -4.42273   0.0278777
21   -4.42053   0.0266707
22   -4.41734   0.0256835
23   -4.41465   0.0247371
24   -4.41451   0.0237274
25   -4.41286   0.0228565
26   -4.41147   0.0220375
27   -4.41145   0.0212359
28   -4.41744   0.0213472
29   -4.42184   0.0210875
30   -4.42717   0.0210814
31   -4.42443   0.0205956
32   -4.41303   0.0229869
33   -4.40533   0.0235942
34   -4.40717   0.0229843
35   -4.40975   0.0224857
36   -4.40776   0.0219604
37   -4.4042   0.0216687
38   -4.40172   0.0212514
39   -4.40327   0.0207717
40   -4.40474   0.0203119
41   -4.40272   0.0199252
42   -4.4036   0.0194761
43   -4.4096   0.019952
44   -4.41372   0.0199335
45   -4.41454   0.0195125
46   -4.41725   0.0192851
47   -4.4206   0.0191731
48   -4.42343   0.0189903
49   -4.42721   0.018986
50   -4.42822   0.0186375
51   -4.42484   0.0185861
52   -4.42409   0.0182471
53   -4.42558   0.0179675
54   -4.42598   0.0176424
55   -4.4225   0.0176711
56   -4.42078   0.0174432
57   -4.42086   0.01714
58   -4.41781   0.0171219
59   -4.41405   0.0172477
60   -4.4133   0.0169795
61   -4.41333   0.0167034
62   -4.41326   0.0164363
63   -4.4158   0.0163758
64   -4.41834   0.016321
65   -4.4225   0.0166017
66   -4.42664   0.0168674
67   -4.42717   0.0166259
68   -4.42571   0.0164476
69   -4.42444   0.0162609
70   -4.42515   0.0160462
71   -4.42542   0.015824
72   -4.42314   0.0157719
73   -4.42055   0.0157706
74   -4.41766   0.0158251
75   -4.41593   0.0157109
76   -4.41617   0.0155073
77   -4.41589   0.0153096
78   -4.41657   0.0151295
79   -4.4176   0.0149747
80   -4.41882   0.0148391
81   -4.41951   0.0146734
82   -4.41659   0.014788
83   -4.41471   0.0147313
84   -4.41555   0.0145812
85   -4.41736   0.0145237
86   -4.41795   0.0143681
87   -4.41988   0.0143346
88   -4.4217   0.0142893
89   -4.42258   0.0141568
90   -4.42345   0.0140274
91   -4.42491   0.0139507
92   -4.42706   0.0139666
93   -4.42741   0.0138216
94   -4.42676   0.0136908
95   -4.42635   0.0135537
96   -4.42833   0.0135594
97   -4.43054   0.0136001
98   -4.43083   0.0134652
99   -4.42929   0.0134185
