0   -1.64561   0
1   -1.64687   0.00125887
2   -1.64711   0.000766855
3   -1.64699   0.0005555
4   -1.64726   0.000508913
5   -1.64837   0.00117973
6   -1.64964   0.00161428
7   -1.64986   0.00141619
8   -1.64974   0.00125518
9   -1.64976   0.00112292
10   -1.6497   0.00101738
11   -1.64961   0.000933581
12   -1.64964   0.000859451
13   -1.64965   0.000795706
14   -1.64985   0.000768296
15   -1.64996   0.000727081
16   -1.64968   0.000737095
17   -1.6496   0.000700392
18   -1.64946   0.000676436
19   -1.64935   0.000651033
20   -1.64912   0.000661489
21   -1.64904   0.000634894
22   -1.6489   0.000623291
23   -1.64885   0.000598728
24   -1.6487   0.00059499
25   -1.64851   0.000602948
26   -1.64842   0.000585741
27   -1.64838   0.000566061
28   -1.64836   0.000546504
29   -1.64834   0.000528477
30   -1.64837   0.00051178
31   -1.64813   0.000547206
32   -1.64803   0.00053962
33   -1.64817   0.000541711
34   -1.64822   0.000527755
35   -1.64814   0.000518445
36   -1.648   0.00052287
37   -1.64799   0.000509039
38   -1.64808   0.000504116
39   -1.64825   0.000518134
40   -1.64822   0.000505848
41   -1.64825   0.000494434
42   -1.64845   0.00052318
43   -1.64855   0.000520147
44   -1.64851   0.000509987
45   -1.64856   0.000501339
46   -1.64871   0.000511379
47   -1.64869   0.000500935
48   -1.64869   0.00049061
49   -1.64873   0.000482326
50   -1.64861   0.000486591
51   -1.6486   0.000477259
52   -1.64871   0.000479735
53   -1.64876   0.000473413
54   -1.64875   0.000464796
55   -1.64875   0.000456423
56   -1.64883   0.000455972
57   -1.64883   0.000448127
58   -1.64879   0.000442323
59   -1.64885   0.000440287
60   -1.64892   0.000438511
61   -1.64894   0.000431688
62   -1.64897   0.000425596
63   -1.64902   0.000422276
64   -1.64904   0.000416103
65   -1.64914   0.00042198
66   -1.64917   0.000417079
67   -1.64917   0.000410903
68   -1.64924   0.000409761
69   -1.6493   0.000408564
70   -1.64937   0.000409549
71   -1.64934   0.000404794
72   -1.64932   0.000400071
73   -1.64932   0.000394656
74   -1.64927   0.000393192
75   -1.64928   0.000388061
76   -1.64922   0.000386682
77   -1.64918   0.000383735
78   -1.64916   0.000379493
79   -1.64913   0.000375992
80   -1.64917   0.000373075
81   -1.64911   0.00037318
82   -1.6491   0.000368821
83   -1.64916   0.000370043
84   -1.6492   0.000367312
85   -1.6492   0.00036305
86   -1.64919   0.000358962
87   -1.64924   0.0003582
88   -1.6492   0.000356146
89   -1.6492   0.000352202
90   -1.6492   0.000348368
91   -1.64922   0.000344785
92   -1.64921   0.000341174
93   -1.64914   0.000344812
94   -1.64912   0.000341402
95   -1.64913   0.000337836
96   -1.64915   0.000334924
97   -1.64909   0.000336658
98   -1.64903   0.000339061
99   -1.64902   0.000335792
