0   1.87474   0
1   1.8389   0.0358421
2   1.85085   0.0238964
3   1.84446   0.0180634
4   1.82487   0.0240774
5   1.81525   0.0218852
6   1.82843   0.022712
7   1.85226   0.0309004
8   1.8644   0.0298336
9   1.87267   0.0279351
10   1.86919   0.0255072
11   1.86251   0.0242243
12   1.85771   0.0227935
13   1.85781   0.021103
14   1.86189   0.0200644
15   1.86906   0.0200902
16   1.86996   0.0188932
17   1.86149   0.0197265
18   1.85452   0.0199182
19   1.85045   0.0193302
20   1.84907   0.0184378
21   1.84766   0.0176366
22   1.84563   0.0169742
23   1.84387   0.0163469
24   1.84388   0.0156794
25   1.8429   0.0150958
26   1.84203   0.0145521
27   1.84205   0.0140228
28   1.84605   0.0141105
29   1.849   0.0139473
30   1.85254   0.013946
31   1.85086   0.0136066
32   1.84333   0.0151875
33   1.8381   0.0156347
34   1.8393   0.0152288
35   1.84108   0.0149056
36   1.83984   0.01455
37   1.83747   0.0143579
38   1.83576   0.0140898
39   1.83668   0.0137644
40   1.83768   0.0134613
41   1.83631   0.0132077
42   1.83676   0.0129048
43   1.8407   0.0132081
44   1.84347   0.0132054
45   1.84398   0.0129253
46   1.8457   0.0127629
47   1.84794   0.0126938
48   1.84983   0.0125745
49   1.85232   0.0125698
50   1.85307   0.0123438
51   1.85082   0.0123111
52   1.85026   0.0120898
53   1.85121   0.0119023
54   1.85149   0.0116871
55   1.84917   0.0117092
56   1.84796   0.0115645
57   1.84803   0.0113635
58   1.84602   0.0113487
59   1.84347   0.0114453
60   1.84292   0.0112696
61   1.84293   0.0110864
62   1.84286   0.0109092
63   1.84452   0.0108647
64   1.8462   0.0108278
65   1.84891   0.0110007
66   1.85164   0.0111751
67   1.852   0.0110152
68   1.85098   0.0109014
69   1.85009   0.0107814
70   1.85052   0.010637
71   1.85072   0.0104901
72   1.84921   0.0104542
73   1.84749   0.0104556
74   1.8456   0.010487
75   1.84444   0.0104127
76   1.84463   0.0102783
77   1.84447   0.0101469
78   1.84494   0.0100283
79   1.84564   0.0099274
80   1.84644   0.0098359
81   1.84694   0.00972815
82   1.84499   0.00980482
83   1.8437   0.00977369
84   1.84423   0.00967298
85   1.84544   0.00963514
86   1.84584   0.00953224
87   1.84709   0.0095065
88   1.84833   0.00948051
89   1.84892   0.00939299
90   1.8495   0.00930702
91   1.85046   0.00925579
92   1.8519   0.00926834
93   1.85218   0.00917343
94   1.85176   0.00908628
95   1.85148   0.00899542
96   1.85279   0.00899809
97   1.8543   0.00903267
98   1.85454   0.00894414
99   1.85352   0.00891275
