0   1.79119   0
1   1.78575   0.00544273
2   1.78208   0.00483199
3   1.77982   0.0040937
4   1.78094   0.00336104
5   1.78829   0.0078492
6   1.79646   0.0105277
7   1.80271   0.011052
8   1.80405   0.00983913
9   1.80692   0.00925568
10   1.81229   0.00994431
11   1.81519   0.00952999
12   1.81669   0.00889341
13   1.81622   0.00824683
14   1.81617   0.00767755
15   1.81727   0.00726568
16   1.81912   0.00706946
17   1.81911   0.00666515
18   1.81809   0.00638575
19   1.81666   0.00622668
20   1.81591   0.0059698
21   1.81542   0.00571304
22   1.81403   0.00563138
23   1.81185   0.00581715
24   1.81024   0.00580808
25   1.81011   0.00558181
26   1.8096   0.00539489
27   1.80932   0.00520624
28   1.80979   0.00504541
29   1.8109   0.00499917
30   1.81286   0.0052166
31   1.81422   0.00523153
32   1.81597   0.00536432
33   1.81798   0.00557788
34   1.81986   0.00573408
35   1.8207   0.00563514
36   1.82056   0.00548239
37   1.82045   0.00533726
38   1.82058   0.00520006
39   1.82051   0.00506879
40   1.82049   0.00494367
41   1.8218   0.00499946
42   1.82378   0.00526704
43   1.82396   0.00514921
44   1.82332   0.00507443
45   1.8235   0.00496612
46   1.82353   0.00485945
47   1.82314   0.00477374
48   1.82274   0.00469217
49   1.82153   0.0047533
50   1.81996   0.0049156
51   1.81919   0.00488123
52   1.81851   0.00483664
53   1.81763   0.00482806
54   1.81677   0.00481587
55   1.8162   0.00476387
56   1.81604   0.00468218
57   1.81567   0.00461552
58   1.8154   0.0045445
59   1.81519   0.00447329
60   1.81463   0.00443452
61   1.81427   0.00437737
62   1.8146   0.00431979
63   1.81542   0.00433036
64   1.81645   0.00438684
65   1.81698   0.00435239
66   1.81685   0.00428895
67   1.81649   0.00424086
68   1.8159   0.00422095
69   1.8154   0.00419004
70   1.81524   0.00413346
71   1.81521   0.00407583
72   1.81539   0.00402394
73   1.81528   0.00397065
74   1.81504   0.0039252
75   1.81445   0.00391764
76   1.81404   0.00388821
77   1.81413   0.00383925
78   1.81456   0.00381392
79   1.81487   0.00377924
80   1.81516   0.00374315
81   1.81519   0.00369737
82   1.81491   0.00366372
83   1.81493   0.00361994
84   1.81513   0.00358272
85   1.81529   0.00354444
86   1.81519   0.00350502
87   1.81502   0.00346929
88   1.81524   0.00343726
89   1.8161   0.0035057
90   1.81701   0.00358415
91   1.81798   0.0036761
92   1.81886   0.00374265
93   1.81955   0.0037647
94   1.82007   0.003762
95   1.8204   0.00373678
96   1.82088   0.00372874
97   1.82142   0.00373051
98   1.82155   0.00369501
99   1.82139   0.00366166
