0   1.19413   0
1   1.1905   0.00362849
2   1.18805   0.00322133
3   1.18655   0.00272913
4   1.18729   0.00224069
5   1.19219   0.0052328
6   1.19764   0.00701847
7   1.20181   0.00736798
8   1.2027   0.00655942
9   1.20461   0.00617046
10   1.20819   0.00662954
11   1.21013   0.00635332
12   1.21112   0.00592894
13   1.21081   0.00549789
14   1.21078   0.00511837
15   1.21151   0.00484378
16   1.21274   0.00471297
17   1.21274   0.00444344
18   1.21206   0.00425717
19   1.2111   0.00415112
20   1.21061   0.00397986
21   1.21028   0.00380869
22   1.20936   0.00375425
23   1.2079   0.0038781
24   1.20683   0.00387206
25   1.20674   0.0037212
26   1.2064   0.00359659
27   1.20621   0.00347083
28   1.20653   0.00336361
29   1.20727   0.00333278
30   1.20857   0.00347773
31   1.20948   0.00348769
32   1.21065   0.00357622
33   1.21198   0.00371859
34   1.21324   0.00382272
35   1.2138   0.00375676
36   1.21371   0.00365493
37   1.21364   0.00355817
38   1.21372   0.00346671
39   1.21368   0.00337919
40   1.21366   0.00329578
41   1.21453   0.00333297
42   1.21585   0.00351136
43   1.21597   0.00343281
44   1.21555   0.00338295
45   1.21567   0.00331075
46   1.21569   0.00323963
47   1.21542   0.00318249
48   1.21516   0.00312811
49   1.21435   0.00316886
50   1.21331   0.00327707
51   1.2128   0.00325415
52   1.21234   0.00322442
53   1.21175   0.00321871
54   1.21118   0.00321058
55   1.2108   0.00317592
56   1.21069   0.00312145
57   1.21045   0.00307702
58   1.21027   0.00302967
59   1.21013   0.00298219
60   1.20975   0.00295635
61   1.20951   0.00291825
62   1.20973   0.00287986
63   1.21028   0.00288691
64   1.21097   0.00292456
65   1.21132   0.00290159
66   1.21124   0.0028593
67   1.21099   0.00282724
68   1.2106   0.00281397
69   1.21027   0.00279336
70   1.21016   0.00275564
71   1.21014   0.00271722
72   1.21026   0.00268263
73   1.21019   0.0026471
74   1.21002   0.0026168
75   1.20963   0.00261176
76   1.20936   0.00259214
77   1.20942   0.0025595
78   1.2097   0.00254261
79   1.20992   0.00251949
80   1.21011   0.00249543
81   1.21013   0.00246491
82   1.20994   0.00244248
83   1.20996   0.00241329
84   1.21009   0.00238848
85   1.2102   0.00236296
86   1.21013   0.00233668
87   1.21001   0.00231286
88   1.21016   0.00229151
89   1.21073   0.00233713
90   1.21134   0.00238943
91   1.21199   0.00245074
92   1.21258   0.0024951
93   1.21303   0.0025098
94   1.21338   0.002508
95   1.2136   0.00249118
96   1.21392   0.00248583
97   1.21428   0.002487
98   1.21437   0.00246334
99   1.21426   0.00244111
