0   1.41503   0
1   1.41502   3.83519e-06
2   1.41503   7.46767e-06
3   1.41502   1.32394e-05
4   1.415   1.80302e-05
5   1.41499   1.84725e-05
6   1.415   1.75938e-05
7   1.41501   1.91984e-05
8   1.41502   1.89093e-05
9   1.41502   1.69661e-05
10   1.41502   1.57329e-05
11   1.41503   1.58007e-05
12   1.41504   1.76574e-05
13   1.41505   1.89074e-05
14   1.41504   1.83532e-05
15   1.41504   1.78179e-05
16   1.41504   1.72062e-05
17   1.41505   1.65099e-05
18   1.41505   1.61312e-05
19   1.41504   1.61857e-05
20   1.41504   1.5398e-05
21   1.41505   1.46919e-05
22   1.41504   1.41363e-05
23   1.41505   1.37273e-05
24   1.41504   1.35713e-05
25   1.41504   1.34376e-05
26   1.41504   1.31049e-05
27   1.41504   1.26376e-05
28   1.41504   1.22489e-05
29   1.41504   1.18525e-05
30   1.41504   1.15449e-05
31   1.41504   1.12524e-05
32   1.41504   1.0995e-05
33   1.41504   1.0686e-05
34   1.41504   1.0437e-05
35   1.41504   1.05062e-05
36   1.41505   1.0957e-05
37   1.41505   1.07316e-05
38   1.41505   1.04717e-05
39   1.41505   1.03522e-05
40   1.41505   1.04441e-05
41   1.41505   1.02028e-05
42   1.41506   1.17301e-05
43   1.41507   1.38445e-05
44   1.41507   1.3672e-05
45   1.41507   1.3931e-05
46   1.41508   1.3878e-05
47   1.41508   1.36025e-05
48   1.41508   1.37306e-05
49   1.41508   1.36822e-05
50   1.41508   1.34112e-05
51   1.41508   1.32481e-05
52   1.41508   1.30015e-05
53   1.41508   1.28194e-05
54   1.41508   1.25943e-05
55   1.41508   1.29419e-05
56   1.41508   1.2715e-05
57   1.41507   1.2501e-05
58   1.41507   1.22881e-05
59   1.41508   1.2277e-05
60   1.41508   1.21083e-05
61   1.41508   1.1959e-05
62   1.41508   1.18139e-05
63   1.41508   1.16314e-05
64   1.41508   1.16348e-05
65   1.41508   1.19205e-05
66   1.41509   1.20525e-05
67   1.41509   1.19159e-05
68   1.41509   1.17877e-05
69   1.41509   1.18596e-05
70   1.41509   1.1742e-05
71   1.41509   1.15846e-05
72   1.41509   1.15411e-05
73   1.41509   1.14465e-05
74   1.41509   1.13686e-05
75   1.41509   1.12798e-05
76   1.4151   1.12578e-05
77   1.4151   1.11356e-05
78   1.4151   1.10135e-05
79   1.4151   1.10389e-05
80   1.4151   1.11643e-05
81   1.4151   1.10597e-05
82   1.4151   1.12032e-05
83   1.4151   1.10819e-05
84   1.4151   1.09618e-05
85   1.41511   1.08526e-05
86   1.41511   1.07812e-05
87   1.41511   1.06676e-05
88   1.41511   1.06417e-05
89   1.4151   1.06471e-05
90   1.4151   1.05391e-05
91   1.4151   1.0426e-05
92   1.41511   1.03199e-05
93   1.4151   1.02097e-05
94   1.41511   1.02509e-05
95   1.41511   1.01746e-05
96   1.41511   1.00849e-05
97   1.41511   1.0093e-05
98   1.41511   1.01871e-05
99   1.41511   1.01816e-05
