0   0.0534765   0
1   0.0550833   0.00160679
2   0.0528715   0.00239847
3   0.0530587   0.00170628
4   0.0521596   0.00159851
5   0.0516379   0.00140557
6   0.0522346   0.00132937
7   0.0520219   0.00117077
8   0.051817   0.00105264
9   0.0516558   0.000955211
10   0.0513171   0.000928049
11   0.0508555   0.000964788
12   0.0507575   0.000892863
13   0.0507566   0.000826631
14   0.0507035   0.000771382
15   0.0508918   0.000745715
16   0.051025   0.000713046
17   0.0512753   0.000717347
18   0.0511976   0.000682979
19   0.0509947   0.000678968
20   0.05148   0.000807832
21   0.0513816   0.000776497
22   0.0510467   0.000814038
23   0.0511489   0.000786057
24   0.0509758   0.000773582
25   0.0507888   0.000766403
26   0.0508692   0.000741849
27   0.050839   0.000715503
28   0.0509743   0.000703515
29   0.0508299   0.000694829
30   0.0507992   0.000672741
31   0.0508797   0.000656335
32   0.0508933   0.000636281
33   0.050808   0.000623148
34   0.0509997   0.000634731
35   0.0510565   0.000619459
36   0.0511355   0.000607638
37   0.0511203   0.000591627
38   0.051322   0.000610527
39   0.0513941   0.000599426
40   0.0512635   0.000599036
41   0.0513737   0.000594901
42   0.0515003   0.000594539
43   0.0513803   0.000593136
44   0.0512924   0.000586432
45   0.0515254   0.000619045
46   0.0514972   0.000606386
47   0.0514653   0.000594474
48   0.0514807   0.00058242
49   0.0515306   0.000572828
50   0.0514186   0.000572552
51   0.0514793   0.00056471
52   0.0514679   0.00055407
53   0.0515564   0.000550871
54   0.0516459   0.000548118
55   0.0516002   0.000540179
56   0.0518484   0.000585781
57   0.0518447   0.000575605
58   0.0518839   0.000567123
59   0.051995   0.000568557
60   0.0520475   0.000561612
61   0.0521623   0.000564294
62   0.0521184   0.000556998
63   0.0521817   0.000551865
64   0.0522218   0.000544786
65   0.0522111   0.000536574
66   0.0521856   0.00052912
67   0.0522649   0.000527275
68   0.0522432   0.00052003
69   0.0522478   0.000512567
70   0.0522808   0.000506373
71   0.052279   0.000499293
72   0.0522497   0.00049328
73   0.0523225   0.000491992
74   0.0523515   0.00048625
75   0.0522734   0.000486121
76   0.0522279   0.000481921
77   0.0521817   0.000477941
78   0.0522176   0.000473218
79   0.0523276   0.000480047
80   0.0523253   0.000474089
81   0.0523542   0.000469161
82   0.0524102   0.000466843
83   0.0524105   0.000461252
84   0.0523714   0.000457469
85   0.0523239   0.0004546
86   0.0523011   0.000449923
87   0.0523229   0.000445311
88   0.0523477   0.00044098
89   0.052325   0.000436646
90   0.0523166   0.000431902
91   0.0523438   0.000428049
92   0.0523335   0.000423547
93   0.0523032   0.000420115
94   0.0522797   0.000416332
95   0.0522644   0.000412256
96   0.0522436   0.000408514
97   0.0522615   0.000404721
98   0.0522285   0.000401965
99   0.0521635   0.0004032
