0   -5.3685   0
1   -5.36824   0.000266223
2   -5.36774   0.000523506
3   -5.36823   0.000617055
4   -5.36859   0.000596186
5   -5.36878   0.000523713
6   -5.36874   0.000444416
7   -5.36874   0.000384895
8   -5.36866   0.00034759
9   -5.36865   0.000311052
10   -5.36871   0.000287851
11   -5.36864   0.000271976
12   -5.36872   0.000261148
13   -5.36893   0.000323531
14   -5.36894   0.00030126
15   -5.36895   0.000281925
16   -5.36889   0.000270296
17   -5.36894   0.000259158
18   -5.36902   0.00025791
19   -5.36903   0.000244884
20   -5.36907   0.000235566
21   -5.36908   0.000225267
22   -5.36905   0.000217079
23   -5.36903   0.00020917
24   -5.36909   0.000209494
25   -5.36902   0.000215318
26   -5.36893   0.000225679
27   -5.36901   0.000232501
28   -5.36901   0.000224395
29   -5.36907   0.000223068
30   -5.36906   0.000215753
31   -5.36906   0.000209035
32   -5.36908   0.000203748
33   -5.36913   0.00020347
34   -5.36913   0.000197592
35   -5.36909   0.000195396
36   -5.36915   0.00019875
37   -5.36916   0.000193472
38   -5.36918   0.000189904
39   -5.36919   0.000185659
40   -5.36916   0.000184261
41   -5.36916   0.000179868
42   -5.36919   0.000177481
43   -5.36916   0.000175239
44   -5.36916   0.0001713
45   -5.36915   0.000167979
46   -5.36913   0.000165516
47   -5.36912   0.000162278
48   -5.36911   0.000159677
49   -5.36913   0.000158101
50   -5.36918   0.000163468
51   -5.36917   0.000161184
52   -5.36919   0.000159878
53   -5.36922   0.000159496
54   -5.36923   0.000157021
55   -5.36922   0.000154272
56   -5.36923   0.000151628
57   -5.36924   0.000149434
58   -5.36924   0.000146933
59   -5.36922   0.000145348
60   -5.36922   0.000142954
61   -5.3692   0.000142538
62   -5.36919   0.000140816
63   -5.3692   0.000139398
64   -5.3692   0.000137379
65   -5.3692   0.000135617
66   -5.36921   0.000133588
67   -5.36919   0.000132151
68   -5.3692   0.000130263
69   -5.36918   0.000129602
70   -5.36918   0.000127801
71   -5.36917   0.000126044
72   -5.36919   0.00012482
73   -5.36921   0.00012562
74   -5.36921   0.000123986
75   -5.36921   0.000122439
76   -5.36921   0.000120842
77   -5.3692   0.000119919
78   -5.3692   0.000118435
79   -5.36918   0.00011963
80   -5.36916   0.000118765
81   -5.36917   0.000117477
82   -5.36916   0.000116734
83   -5.36917   0.000116158
84   -5.36917   0.000114791
85   -5.36916   0.000113611
86   -5.36916   0.000112612
87   -5.36913   0.000114258
88   -5.36912   0.000113133
89   -5.36912   0.000111874
90   -5.36913   0.000110744
91   -5.36912   0.000109792
92   -5.36913   0.000108866
93   -5.36912   0.000107873
94   -5.36911   0.000107291
95   -5.36911   0.000106193
96   -5.36911   0.000105173
97   -5.36912   0.000104275
98   -5.36911   0.000103459
99   -5.36912   0.000102539
