0   7.85166   0
1   8.15411   0.302451
2   8.17783   0.176225
3   8.10379   0.144949
4   8.13354   0.116152
5   8.11473   0.0966844
6   8.14416   0.0868535
7   8.11764   0.0797581
8   8.12256   0.0705119
9   8.11854   0.0631954
10   8.09413   0.0621573
11   8.12045   0.062551
12   8.15497   0.0670997
13   8.13862   0.0642383
14   8.14484   0.0601249
15   8.1392   0.0565234
16   8.1468   0.0536353
17   8.13842   0.0512577
18   8.14809   0.049439
19   8.15276   0.0471345
20   8.15242   0.0448352
21   8.15349   0.0427621
22   8.16263   0.0418697
23   8.16005   0.0401698
24   8.16479   0.03882
25   8.16636   0.0373298
26   8.15735   0.0370324
27   8.15748   0.0356855
28   8.14525   0.0365404
29   8.14334   0.0353532
30   8.14451   0.0342139
31   8.14461   0.0331276
32   8.15198   0.0329423
33   8.15299   0.0319747
34   8.15866   0.0315627
35   8.1631   0.0309923
36   8.16781   0.0305088
37   8.17644   0.0309241
38   8.17783   0.0301529
39   8.18245   0.029749
40   8.18127   0.0290381
41   8.18397   0.0284664
42   8.17906   0.0282266
43   8.17253   0.0283413
44   8.17411   0.0277498
45   8.17179   0.0272388
46   8.17271   0.0266688
47   8.17331   0.0261142
48   8.17918   0.0262408
49   8.17837   0.0257233
50   8.17875   0.0252168
51   8.17674   0.0248094
52   8.1758   0.0243547
53   8.17791   0.0239928
54   8.17727   0.0235613
55   8.17672   0.0231432
56   8.18016   0.0229921
57   8.17778   0.0227171
58   8.17614   0.0223893
59   8.1765   0.022016
60   8.17544   0.0216779
61   8.18041   0.0218969
62   8.18155   0.0215762
63   8.18255   0.0212602
64   8.18277   0.0209317
65   8.18175   0.0206374
66   8.18225   0.0203332
67   8.18061   0.0200997
68   8.18281   0.0199286
69   8.18189   0.0196632
70   8.18556   0.0197282
71   8.18458   0.0194769
72   8.18144   0.0194635
73   8.18158   0.0191991
74   8.18456   0.0191744
75   8.18547   0.0189425
76   8.18689   0.0187484
77   8.18667   0.0185077
78   8.18402   0.0184642
79   8.18294   0.0182639
80   8.18191   0.0180659
81   8.18064   0.0178894
82   8.18356   0.0179114
83   8.18559   0.0178133
84   8.18354   0.0177221
85   8.18288   0.0175272
86   8.18097   0.0174291
87   8.17999   0.0172582
88   8.17995   0.0170632
89   8.17991   0.0168726
90   8.17787   0.0168094
91   8.17616   0.0167134
92   8.17422   0.0166465
93   8.17275   0.0165342
94   8.17017   0.0165617
95   8.16952   0.016401
96   8.16859   0.0162578
97   8.16918   0.0161018
98   8.16594   0.0162641
99   8.16727   0.0161558
