0   0.846471   0
1   0.834192   0.0122792
2   0.829296   0.00861565
3   0.833658   0.00749263
4   0.832325   0.00595483
5   0.832897   0.00489554
6   0.832025   0.00422836
7   0.833217   0.00385106
8   0.833544   0.00341204
9   0.832762   0.00315037
10   0.832845   0.00285082
11   0.832222   0.00267594
12   0.83271   0.00250935
13   0.83364   0.00250232
14   0.833341   0.00234862
15   0.833134   0.00220668
16   0.833118   0.00207287
17   0.833416   0.001977
18   0.833303   0.00187347
19   0.833138   0.00178502
20   0.833105   0.0016982
21   0.833199   0.00162192
22   0.833599   0.00160058
23   0.833153   0.0015961
24   0.833345   0.00154288
25   0.833278   0.00148384
26   0.833396   0.00143264
27   0.833695   0.00141256
28   0.833574   0.00136835
29   0.833698   0.00132777
30   0.833431   0.00131157
31   0.833357   0.00127211
32   0.833555   0.0012488
33   0.83349   0.00121325
34   0.833377   0.00118345
35   0.833358   0.00115028
36   0.833746   0.00118441
37   0.833231   0.00126287
38   0.83351   0.00126139
39   0.833634   0.00123566
40   0.833628   0.00120516
41   0.833521   0.00118102
42   0.833747   0.00117518
43   0.833281   0.00123922
44   0.833356   0.00121372
45   0.833641   0.00122077
46   0.833649   0.00119454
47   0.833608   0.00117008
48   0.83343   0.00115978
49   0.833438   0.00113637
50   0.833546   0.00111917
51   0.833592   0.0010984
52   0.833681   0.0010811
53   0.83346   0.00108356
54   0.833827   0.00112526
55   0.833455   0.00116598
56   0.833463   0.00114537
57   0.833377   0.0011287
58   0.833161   0.00113023
59   0.833321   0.00112258
60   0.833093   0.0011273
61   0.832999   0.00111292
62   0.833104   0.00110008
63   0.833112   0.00108279
64   0.833039   0.00106847
65   0.833227   0.00106888
66   0.833237   0.00105286
67   0.833119   0.00104405
68   0.833041   0.0010317
69   0.833143   0.00102193
70   0.833092   0.0010087
71   0.833136   0.000995566
72   0.833218   0.000985215
73   0.833059   0.000984772
74   0.833002   0.000973187
75   0.833293   0.00100326
76   0.833193   0.000995156
77   0.833158   0.000982949
78   0.833148   0.000970474
79   0.83304   0.000964338
80   0.833066   0.000952707
81   0.833077   0.000941082
82   0.832925   0.000942071
83   0.832906   0.000930979
84   0.832871   0.000920628
85   0.833014   0.000921034
86   0.833047   0.000910974
87   0.832839   0.000924252
88   0.833031   0.000933806
89   0.833071   0.000924246
90   0.833106   0.000914688
91   0.833033   0.000907595
92   0.833203   0.000913792
93   0.833144   0.000905956
94   0.83311   0.000897006
95   0.833128   0.000887793
96   0.833073   0.000880336
97   0.833056   0.000871473
98   0.833096   0.000863558
99   0.833097   0.000854879
