0   1.26971   0
1   1.25129   0.0184189
2   1.24394   0.0129235
3   1.25049   0.011239
4   1.24849   0.00893224
5   1.24934   0.00734331
6   1.24804   0.00634254
7   1.24983   0.00577659
8   1.25032   0.00511805
9   1.24914   0.00472555
10   1.24927   0.00427623
11   1.24833   0.00401392
12   1.24906   0.00376402
13   1.25046   0.00375348
14   1.25001   0.00352293
15   1.2497   0.00331002
16   1.24968   0.00310931
17   1.25012   0.0029655
18   1.24996   0.0028102
19   1.24971   0.00267752
20   1.24966   0.00254731
21   1.2498   0.00243288
22   1.2504   0.00240087
23   1.24973   0.00239415
24   1.25002   0.00231432
25   1.24992   0.00222577
26   1.25009   0.00214896
27   1.25054   0.00211884
28   1.25036   0.00205253
29   1.25055   0.00199165
30   1.25015   0.00196735
31   1.25003   0.00190817
32   1.25033   0.00187321
33   1.25023   0.00181988
34   1.25007   0.00177518
35   1.25004   0.00172542
36   1.25062   0.00177662
37   1.24985   0.0018943
38   1.25027   0.00189209
39   1.25045   0.00185349
40   1.25044   0.00180773
41   1.25028   0.00177154
42   1.25062   0.00176277
43   1.24992   0.00185883
44   1.25003   0.00182058
45   1.25046   0.00183116
46   1.25047   0.00179181
47   1.25041   0.00175513
48   1.25014   0.00173967
49   1.25016   0.00170456
50   1.25032   0.00167876
51   1.25039   0.0016476
52   1.25052   0.00162165
53   1.25019   0.00162534
54   1.25074   0.00168789
55   1.25018   0.00174897
56   1.25019   0.00171805
57   1.25007   0.00169305
58   1.24974   0.00169535
59   1.24998   0.00168387
60   1.24964   0.00169095
61   1.2495   0.00166938
62   1.24966   0.00165012
63   1.24967   0.00162418
64   1.24956   0.0016027
65   1.24984   0.00160332
66   1.24986   0.00157929
67   1.24968   0.00156608
68   1.24956   0.00154755
69   1.24971   0.00153289
70   1.24964   0.00151305
71   1.2497   0.00149335
72   1.24983   0.00147782
73   1.24959   0.00147716
74   1.2495   0.00145978
75   1.24994   0.00150489
76   1.24979   0.00149273
77   1.24974   0.00147442
78   1.24972   0.00145571
79   1.24956   0.00144651
80   1.2496   0.00142906
81   1.24962   0.00141162
82   1.24939   0.00141311
83   1.24936   0.00139647
84   1.24931   0.00138094
85   1.24952   0.00138155
86   1.24957   0.00136646
87   1.24926   0.00138638
88   1.24955   0.00140071
89   1.24961   0.00138637
90   1.24966   0.00137203
91   1.24955   0.00136139
92   1.24981   0.00137069
93   1.24972   0.00135893
94   1.24967   0.00134551
95   1.24969   0.00133169
96   1.24961   0.0013205
97   1.24958   0.00130721
98   1.24964   0.00129534
99   1.24965   0.00128232
