0   -3.50322   0
1   -3.4954   0.00782019
2   -3.49827   0.0053531
3   -3.49856   0.00379601
4   -3.49923   0.00301556
5   -3.49932   0.00246391
6   -3.49928   0.00208268
7   -3.49892   0.00183952
8   -3.49852   0.00167145
9   -3.49821   0.00152666
10   -3.49776   0.00145341
11   -3.49776   0.00132678
12   -3.49773   0.00122079
13   -3.49784   0.00113504
14   -3.49789   0.00105803
15   -3.49792   0.000990096
16   -3.49805   0.00094001
17   -3.49814   0.00089035
18   -3.49813   0.000842286
19   -3.49819   0.000801488
20   -3.49829   0.00076968
21   -3.49848   0.000757353
22   -3.49844   0.000724973
23   -3.49841   0.000694589
24   -3.49835   0.000669301
25   -3.49834   0.000643079
26   -3.49832   0.00061932
27   -3.49823   0.000602534
28   -3.49816   0.000586448
29   -3.49813   0.000567115
30   -3.49814   0.000548594
31   -3.49828   0.000547973
32   -3.49834   0.000534772
33   -3.49835   0.000518884
34   -3.49838   0.000504949
35   -3.49833   0.000493424
36   -3.49832   0.000479968
37   -3.4983   0.000467864
38   -3.49826   0.000457475
39   -3.49822   0.00044725
40   -3.49825   0.000437452
41   -3.4983   0.00042917
42   -3.49827   0.000420027
43   -3.49827   0.000410374
44   -3.49822   0.000403876
45   -3.49825   0.000396161
46   -3.49817   0.000395399
47   -3.49815   0.000387998
48   -3.49818   0.000381564
49   -3.49824   0.000378017
50   -3.49832   0.000380645
51   -3.49836   0.000375058
52   -3.49838   0.000368482
53   -3.49832   0.000366159
54   -3.49834   0.000359882
55   -3.49828   0.000358458
56   -3.49823   0.00035628
57   -3.4982   0.000351114
58   -3.49817   0.000346105
59   -3.49818   0.000340367
60   -3.49813   0.00033909
61   -3.49806   0.000341036
62   -3.49799   0.000342315
63   -3.49793   0.00034129
64   -3.49793   0.000336001
65   -3.49794   0.000331078
66   -3.49791   0.000327434
67   -3.49794   0.000323665
68   -3.49794   0.000318955
69   -3.49798   0.00031694
70   -3.49802   0.000314298
71   -3.49799   0.000311744
72   -3.49801   0.000308223
73   -3.49804   0.000305929
74   -3.49805   0.000302082
75   -3.49808   0.000299362
76   -3.49804   0.000298333
77   -3.49803   0.000294627
78   -3.49802   0.000290961
79   -3.49799   0.000288766
80   -3.498   0.000285222
81   -3.49804   0.00028422
82   -3.49806   0.0002815
83   -3.49809   0.000279954
84   -3.4981   0.000276712
85   -3.4981   0.000273501
86   -3.49812   0.000271439
87   -3.49816   0.000270876
88   -3.49817   0.000268098
89   -3.49822   0.000269773
90   -3.49822   0.000266803
91   -3.49825   0.000266081
92   -3.49828   0.000264139
93   -3.4983   0.000262115
94   -3.49836   0.000267355
95   -3.4984   0.000266914
96   -3.49846   0.000270349
97   -3.49854   0.000281317
98   -3.49859   0.00028321
99   -3.49865   0.000285209
