0   -6.23645   0
1   -5.7655   0.470955
2   -5.54141   0.352344
3   -5.43782   0.269825
4   -5.34631   0.228159
5   -5.29396   0.193507
6   -5.2542   0.168307
7   -5.22913   0.147898
8   -5.21278   0.131454
9   -5.19987   0.118284
10   -5.17846   0.109112
11   -5.16495   0.100518
12   -5.15364   0.0931515
13   -5.14901   0.086366
14   -5.14875   0.0804028
15   -5.14641   0.0752463
16   -5.14143   0.0708574
17   -5.1416   0.0668052
18   -5.1409   0.0631953
19   -5.14034   0.059955
20   -5.13199   0.0576362
21   -5.13248   0.0549561
22   -5.13286   0.0525138
23   -5.13283   0.0502782
24   -5.13389   0.0482367
25   -5.13645   0.0464147
26   -5.13381   0.0447403
27   -5.12932   0.0433463
28   -5.12623   0.0419388
29   -5.12462   0.0405488
30   -5.12372   0.0392294
31   -5.1223   0.0380102
32   -5.12132   0.0368534
33   -5.11839   0.0358725
34   -5.11597   0.0349164
35   -5.11419   0.0339794
36   -5.11418   0.0330482
37   -5.11462   0.0321698
38   -5.11479   0.0313346
39   -5.11399   0.0305516
40   -5.11369   0.0297986
41   -5.11474   0.0290995
42   -5.11471   0.0284147
43   -5.11427   0.0277648
44   -5.11338   0.0271555
45   -5.11391   0.0265639
46   -5.1163   0.0261017
47   -5.11523   0.0255742
48   -5.11594   0.0250569
49   -5.11697   0.024572
50   -5.117   0.0240854
51   -5.1159   0.0236436
52   -5.11839   0.0233266
53   -5.11892   0.0228969
54   -5.11747   0.0225238
55   -5.11661   0.0221345
56   -5.11431   0.0218642
57   -5.11409   0.0214851
58   -5.11265   0.0211667
59   -5.11053   0.0209187
60   -5.11051   0.0205729
61   -5.10993   0.0202466
62   -5.10928   0.0199332
63   -5.10666   0.0197939
64   -5.1064   0.0194887
65   -5.10582   0.0191999
66   -5.10652   0.018924
67   -5.10706   0.0186513
68   -5.10651   0.0183872
69   -5.1064   0.0181229
70   -5.10668   0.017868
71   -5.10615   0.017626
72   -5.10442   0.0174687
73   -5.10409   0.0172342
74   -5.10369   0.0170076
75   -5.10482   0.0168203
76   -5.1046   0.0166018
77   -5.1023   0.0165477
78   -5.1026   0.0163396
79   -5.10228   0.0161372
80   -5.10093   0.0159936
81   -5.1005   0.0158033
82   -5.10121   0.0156277
83   -5.10205   0.0154635
84   -5.10276   0.0152969
85   -5.10203   0.0151356
86   -5.10226   0.0149624
87   -5.10157   0.0148075
88   -5.1004   0.0146863
89   -5.10063   0.014524
90   -5.10094   0.0143668
91   -5.10002   0.0142395
92   -5.1001   0.0140858
93   -5.10033   0.0139371
94   -5.10006   0.0137922
95   -5.1   0.0136479
96   -5.0979   0.0136688
97   -5.09702   0.013557
98   -5.09651   0.0134291
99   -5.09638   0.0132948
