0   2.73324   0
1   2.2701   0.463135
2   2.04314   0.350726
3   1.93926   0.268879
4   1.84708   0.227758
5   1.79464   0.193217
6   1.75492   0.16806
7   1.73021   0.147626
8   1.71426   0.131168
9   1.70166   0.117995
10   1.6807   0.108768
11   1.66719   0.100207
12   1.65591   0.0928641
13   1.65117   0.086106
14   1.65086   0.0801609
15   1.6485   0.075021
16   1.64337   0.0706561
17   1.64346   0.0666152
18   1.64278   0.0630154
19   1.64215   0.059785
20   1.63369   0.0574917
21   1.634   0.054817
22   1.63442   0.0523812
23   1.63442   0.0501512
24   1.63555   0.0481164
25   1.63811   0.0462997
26   1.6355   0.0446283
27   1.63109   0.0432304
28   1.62807   0.0418217
29   1.62649   0.0404348
30   1.62558   0.0391193
31   1.62402   0.037909
32   1.62298   0.0367571
33   1.62004   0.0357801
34   1.61759   0.0348293
35   1.61586   0.0338921
36   1.61586   0.0329634
37   1.61632   0.0320876
38   1.61653   0.0312547
39   1.61577   0.0304729
40   1.61544   0.0297222
41   1.61645   0.0290234
42   1.61644   0.0283404
43   1.616   0.0276922
44   1.61516   0.027083
45   1.61566   0.0264924
46   1.61812   0.0260394
47   1.61709   0.0255121
48   1.61776   0.0249952
49   1.61873   0.0245093
50   1.61868   0.024024
51   1.61753   0.0235852
52   1.62001   0.0232674
53   1.6206   0.0228402
54   1.61913   0.0224695
55   1.61833   0.022079
56   1.61608   0.0218043
57   1.61589   0.0214259
58   1.61447   0.0211069
59   1.61235   0.020861
60   1.61238   0.0205162
61   1.61188   0.020189
62   1.6113   0.0198744
63   1.60873   0.0197294
64   1.60847   0.0194251
65   1.60788   0.0191377
66   1.60861   0.0188639
67   1.60911   0.0185914
68   1.60856   0.0183282
69   1.60841   0.0180651
70   1.60866   0.0178106
71   1.60817   0.0175684
72   1.60641   0.0174143
73   1.60605   0.0171813
74   1.60563   0.0169557
75   1.60673   0.0167673
76   1.60656   0.0165491
77   1.60427   0.0164948
78   1.60458   0.0162876
79   1.60429   0.0160853
80   1.60293   0.015943
81   1.60246   0.0157544
82   1.60315   0.0155786
83   1.60396   0.0154133
84   1.60466   0.015247
85   1.60393   0.0150866
86   1.60413   0.0149136
87   1.60341   0.014761
88   1.60223   0.0146415
89   1.6024   0.014479
90   1.60271   0.0143224
91   1.60176   0.0141979
92   1.60182   0.0140446
93   1.60203   0.0138959
94   1.60169   0.0137529
95   1.6016   0.0136092
96   1.59944   0.01364
97   1.59848   0.0135345
98   1.59792   0.0134089
99   1.59774   0.0132753
