0   1.82216   0
1   1.5134   0.308757
2   1.36209   0.233817
3   1.29284   0.179253
4   1.23139   0.151839
5   1.19643   0.128811
6   1.16995   0.11204
7   1.15347   0.0984177
8   1.14284   0.087445
9   1.13444   0.0786633
10   1.12047   0.072512
11   1.11146   0.0668045
12   1.10394   0.0619094
13   1.10078   0.057404
14   1.10058   0.0534406
15   1.099   0.050014
16   1.09558   0.047104
17   1.09564   0.0444102
18   1.09519   0.0420103
19   1.09476   0.0398567
20   1.08913   0.0383278
21   1.08933   0.0365447
22   1.08962   0.0349208
23   1.08961   0.0334341
24   1.09036   0.0320776
25   1.09207   0.0308664
26   1.09033   0.0297522
27   1.08739   0.0288203
28   1.08538   0.0278811
29   1.08432   0.0269565
30   1.08372   0.0260795
31   1.08268   0.0252727
32   1.08199   0.0245047
33   1.08003   0.0238534
34   1.07839   0.0232195
35   1.07724   0.0225947
36   1.07724   0.0219756
37   1.07755   0.0213917
38   1.07769   0.0208365
39   1.07718   0.0203152
40   1.07696   0.0198148
41   1.07763   0.0193489
42   1.07763   0.0188936
43   1.07733   0.0184615
44   1.07677   0.0180553
45   1.07711   0.0176616
46   1.07875   0.0173596
47   1.07806   0.0170081
48   1.07851   0.0166635
49   1.07915   0.0163395
50   1.07912   0.016016
51   1.07836   0.0157235
52   1.08   0.0155116
53   1.0804   0.0152268
54   1.07942   0.0149797
55   1.07889   0.0147193
56   1.07739   0.0145362
57   1.07726   0.014284
58   1.07632   0.0140713
59   1.0749   0.0139073
60   1.07492   0.0136775
61   1.07458   0.0134593
62   1.0742   0.0132496
63   1.07248   0.0131529
64   1.07231   0.0129501
65   1.07192   0.0127585
66   1.0724   0.012576
67   1.07274   0.0123942
68   1.07238   0.0122188
69   1.07228   0.0120434
70   1.07244   0.0118737
71   1.07211   0.0117122
72   1.07094   0.0116096
73   1.0707   0.0114542
74   1.07042   0.0113038
75   1.07116   0.0111782
76   1.07104   0.0110327
77   1.06951   0.0109966
78   1.06972   0.0108584
79   1.06952   0.0107236
80   1.06862   0.0106287
81   1.06831   0.0105029
82   1.06877   0.0103857
83   1.06931   0.0102755
84   1.06977   0.0101647
85   1.06928   0.0100577
86   1.06942   0.00994238
87   1.06894   0.00984068
88   1.06815   0.00976102
89   1.06827   0.00965267
90   1.06848   0.00954825
91   1.06784   0.0094653
92   1.06788   0.00936305
93   1.06802   0.00926396
94   1.0678   0.00916862
95   1.06773   0.00907282
96   1.0663   0.00909335
97   1.06565   0.009023
98   1.06528   0.00893924
99   1.06516   0.00885023
