1   7.46707   7.46707   0
2   7.36786   7.41747   0.0350761
3   7.61558   7.48351   0.0587721
4   7.58135   7.50797   0.0489052
5   7.63986   7.53434   0.0456873
6   7.63928   7.55183   0.0412847
7   7.5412   7.55031   0.0354149
8   7.62282   7.55938   0.0321268
9   7.63839   7.56816   0.0297325
10   7.61635   7.57298   0.027147
11   7.41691   7.55879   0.0281434
12   7.61012   7.56307   0.0261212
13   7.65169   7.56988   0.0249856
14   7.57967   7.57058   0.0232107
15   7.55083   7.56927   0.0217006
16   7.47058   7.5631   0.0212027
17   7.44427   7.55611   0.0210762
18   7.59058   7.55802   0.0199921
19   7.57179   7.55875   0.018953
20   7.5412   7.55787   0.0180256
21   7.55327   7.55765   0.0171686
22   7.57259   7.55833   0.0164016
23   7.50668   7.55609   0.0158415
24   7.77516   7.56521   0.017616
25   7.63938   7.56818   0.0171594
26   7.56115   7.56791   0.0165015
27   7.5879   7.56865   0.015907
28   7.57348   7.56882   0.0153398
29   7.4835   7.56588   0.0150904
30   7.56786   7.56595   0.0145875
31   7.56254   7.56584   0.0141173
32   7.67359   7.5692   0.014072
33   7.67615   7.57244   0.0140138
34   7.69559   7.57607   0.0140619
35   7.57884   7.57615   0.0136603
36   7.40646   7.57143   0.0140706
37   7.58177   7.57171   0.0136931
38   7.60621   7.57262   0.0133628
39   7.62849   7.57405   0.0130967
40   7.53679   7.57312   0.0128024
41   7.57821   7.57324   0.0124908
42   7.55584   7.57283   0.0122002
43   7.62208   7.57398   0.0119701
44   7.48979   7.57206   0.01185
45   7.5192   7.57089   0.0116448
46   7.50264   7.5694   0.0114857
47   7.4998   7.56792   0.0113364
48   7.62917   7.5692   0.0111718
49   7.54066   7.56862   0.010959
50   7.73485   7.57194   0.0112328
51   7.50708   7.57067   0.0110844
52   7.77795   7.57466   0.0115657
53   7.60708   7.57527   0.0113637
54   7.73371   7.5782   0.0115258
55   7.52681   7.57727   0.0113541
56   7.77175   7.58074   0.0116704
57   7.6322   7.58164   0.0115005
58   7.6923   7.58355   0.0114594
59   7.51416   7.58237   0.0113254
60   7.50168   7.58103   0.0112162
61   7.58662   7.58112   0.0110327
62   7.59337   7.58132   0.0108565
63   7.49465   7.57994   0.010771
64   7.46942   7.57822   0.0107402
65   7.61477   7.57878   0.0105897
66   7.54637   7.57829   0.0104406
67   7.70302   7.58015   0.0104495
68   7.49172   7.57885   0.0103764
69   7.63257   7.57963   0.0102552
70   7.59113   7.57979   0.01011
71   7.54582   7.57931   0.00997891
72   7.64181   7.58018   0.00987799
73   7.4962   7.57903   0.00980944
74   7.52149   7.57825   0.00970765
75   7.605   7.57861   0.00958476
76   7.7344   7.58066   0.00967537
77   7.58475   7.58071   0.00954986
78   7.54102   7.5802   0.00944097
79   7.61728   7.58067   0.00933312
80   7.51266   7.57982   0.0092551
81   7.67477   7.581   0.00921477
82   7.44652   7.57936   0.00924718
83   7.54614   7.57896   0.00914442
84   7.68701   7.58024   0.0091256
85   7.58058   7.58025   0.00901824
86   7.80397   7.58285   0.00928101
87   7.65742   7.5837   0.00921382
88   7.47524   7.58247   0.00919119
89   7.57442   7.58238   0.00908836
90   7.60493   7.58263   0.00899083
91   7.43629   7.58102   0.0090347
92   7.57885   7.581   0.00893653
93   7.59569   7.58116   0.00884183
94   7.51354   7.58044   0.00877698
95   7.77988   7.58254   0.00893215
96   7.70511   7.58381   0.0089299
97   7.77064   7.58574   0.00904317
98   7.41088   7.58396   0.00912523
99   7.81168   7.58626   0.00931846
100   7.46948   7.58509   0.00929816
101   7.42814   7.58354   0.00933504
102   7.55228   7.58323   0.00924854
103   7.73063   7.58466   0.00926881
104   7.70654   7.58583   0.00925347
105   7.64961   7.58644   0.00918526
106   7.55019   7.5861   0.00910497
107   7.53308   7.5856   0.00903335
108   7.71325   7.58678   0.00902669
109   7.63193   7.5872   0.00895338
110   7.38436   7.58535   0.00905988
111   7.58763   7.58537   0.00897829
112   7.71023   7.58649   0.00896706
113   7.43932   7.58519   0.00898178
114   7.47143   7.58419   0.00895826
115   7.64102   7.58468   0.00889398
116   7.56338   7.5845   0.00881921
117   7.60745   7.5847   0.00874601
118   7.53936   7.58431   0.00868033
119   7.63227   7.58471   0.00861673
120   7.41699   7.58332   0.00865754
121   7.54808   7.58303   0.00859089
122   7.61322   7.58327   0.00852403
123   7.62119   7.58358   0.00846031
124   7.52625   7.58312   0.0084047
125   7.79848   7.58484   0.00851223
126   7.58561   7.58485   0.00844467
127   7.49717   7.58416   0.00840635
128   7.61985   7.58444   0.0083453
129   7.52169   7.58395   0.00829477
130   7.6486   7.58445   0.00824586
131   7.64766   7.58493   0.00819702
132   7.44604   7.58388   0.00820218
133   7.54491   7.58358   0.00814574
134   7.78416   7.58508   0.00822133
135   7.64385   7.58552   0.00817195
136   7.69033   7.58629   0.00814812
137   7.72388   7.58729   0.00815031
138   7.53171   7.58689   0.0081012
139   7.47873   7.58611   0.00808019
140   7.62275   7.58637   0.00802672
141   7.51916   7.5859   0.00798393
142   7.53718   7.58555   0.00793507
143   7.69339   7.58631   0.00791534
144   7.59733   7.58638   0.00786074
145   7.65712   7.58687   0.00782165
146   7.45305   7.58595   0.00782159
147   7.60617   7.58609   0.00776959
148   7.6317   7.5864   0.0077232
149   7.79086   7.58777   0.00779232
150   7.43531   7.58676   0.00780638
151   7.59124   7.58679   0.00775474
152   7.61773   7.58699   0.00770639
153   7.592   7.58702   0.0076561
154   7.26443   7.58493   0.00788775
155   7.72399   7.58582   0.00788772
156   7.65799   7.58629   0.00785072
157   7.62131   7.58651   0.00780388
158   7.74013   7.58748   0.00781482
159   7.5591   7.5873   0.00776771
160   7.51855   7.58687   0.00773104
161   7.63534   7.58718   0.00768888
162   7.49842   7.58663   0.00766091
163   7.51961   7.58622   0.00762494
164   7.70585   7.58695   0.00761326
165   7.58765   7.58695   0.00756712
166   7.6745   7.58748   0.00753989
167   7.66699   7.58795   0.00750976
168   7.56602   7.58782   0.00746619
169   7.60459   7.58792   0.00742267
170   7.63877   7.58822   0.00738503
171   7.56727   7.5881   0.00734286
172   7.67563   7.58861   0.00731778
173   7.64323   7.58892   0.00728229
174   7.62477   7.58913   0.00724335
175   7.627   7.58935   0.00720519
176   7.55424   7.58915   0.00716702
177   7.48041   7.58853   0.00715281
178   7.74752   7.58943   0.00716817
179   7.68591   7.58996   0.00714837
180   7.561   7.5898   0.00711046
181   7.59509   7.58983   0.00707124
182   7.63068   7.59006   0.00703595
183   7.74272   7.59089   0.00704678
184   7.50967   7.59045   0.00702229
185   7.60272   7.59052   0.00698465
186   7.53824   7.59024   0.00695275
187   7.82505   7.59149   0.00702804
188   7.46838   7.59084   0.0070211
189   7.60865   7.59093   0.00698458
190   7.60755   7.59102   0.00694837
191   7.53008   7.5907   0.00691931
192   7.55433   7.59051   0.00688587
193   7.52357   7.59016   0.00685892
194   7.55546   7.58998   0.00682589
195   7.4618   7.58933   0.00682247
196   7.63905   7.58958   0.00679237
197   7.65213   7.5899   0.00676531
198   7.49337   7.58941   0.00674868
199   7.78628   7.5904   0.00678689
200   7.73288   7.59111   0.00679024
