1   -7.56967   -7.56967   0
2   -7.58765   -7.57866   0.00635928
3   -7.54162   -7.56631   0.0109375
4   -7.54751   -7.56161   0.00915802
5   -7.53865   -7.55702   0.00839971
6   -7.53891   -7.554   0.00752242
7   -7.55641   -7.55435   0.00645569
8   -7.54087   -7.55266   0.00586446
9   -7.53885   -7.55113   0.00540978
10   -7.54168   -7.55018   0.00495057
11   -7.57678   -7.5526   0.00505674
12   -7.54325   -7.55182   0.00469501
13   -7.53525   -7.55055   0.00450358
14   -7.5511   -7.55059   0.00418207
15   -7.55388   -7.5508   0.00390901
16   -7.56834   -7.5519   0.0038153
17   -7.57289   -7.55314   0.00378535
18   -7.54824   -7.55286   0.0035848
19   -7.54962   -7.55269   0.00340019
20   -7.55534   -7.55283   0.00323276
21   -7.55406   -7.55288   0.00307935
22   -7.55007   -7.55276   0.00294204
23   -7.56147   -7.55313   0.00283839
24   -7.5134   -7.55148   0.00316631
25   -7.53797   -7.55094   0.00308541
26   -7.55184   -7.55097   0.00296693
27   -7.54881   -7.55089   0.00285813
28   -7.5512   -7.5509   0.00275608
29   -7.56807   -7.5515   0.00272384
30   -7.55281   -7.55154   0.00263339
31   -7.554   -7.55162   0.00254964
32   -7.53199   -7.55101   0.00254271
33   -7.53154   -7.55042   0.00253316
34   -7.52891   -7.54978   0.00253641
35   -7.55052   -7.5498   0.00246402
36   -7.57907   -7.55062   0.00252608
37   -7.54808   -7.55055   0.00245874
38   -7.54237   -7.55033   0.00240345
39   -7.54124   -7.5501   0.00235311
40   -7.55644   -7.55026   0.00229962
41   -7.549   -7.55023   0.00224374
42   -7.55505   -7.55034   0.00219325
43   -7.54069   -7.55012   0.00215369
44   -7.56492   -7.55045   0.00213085
45   -7.56105   -7.55069   0.00209646
46   -7.56356   -7.55097   0.00206947
47   -7.56314   -7.55123   0.00204156
48   -7.53894   -7.55097   0.00201502
49   -7.55594   -7.55107   0.00197645
50   -7.52004   -7.55045   0.00203206
51   -7.56255   -7.55069   0.00200602
52   -7.51211   -7.54995   0.00210015
53   -7.54438   -7.54984   0.00206315
54   -7.52102   -7.54931   0.00209287
55   -7.56018   -7.54951   0.00206412
56   -7.51436   -7.54888   0.00212056
57   -7.53955   -7.54872   0.00208966
58   -7.52722   -7.54835   0.00208623
59   -7.56234   -7.54858   0.0020643
60   -7.56278   -7.54882   0.00204342
61   -7.5474   -7.5488   0.00201005
62   -7.5451   -7.54874   0.00197851
63   -7.56442   -7.54899   0.00196271
64   -7.56906   -7.5493   0.00195693
65   -7.54171   -7.54918   0.00193031
66   -7.5562   -7.54929   0.00190399
67   -7.52626   -7.54894   0.00190635
68   -7.56675   -7.54921   0.00189621
69   -7.53979   -7.54907   0.00187364
70   -7.54746   -7.54905   0.00184701
71   -7.5567   -7.54915   0.00182414
72   -7.53651   -7.54898   0.00180725
73   -7.56372   -7.54918   0.00179374
74   -7.55839   -7.54931   0.00177381
75   -7.54504   -7.54925   0.00175107
76   -7.52188   -7.54889   0.00176467
77   -7.54866   -7.54889   0.00174176
78   -7.55607   -7.54898   0.00172186
79   -7.54243   -7.54889   0.00170206
80   -7.56156   -7.54905   0.00168812
81   -7.53206   -7.54884   0.00168027
82   -7.57357   -7.54915   0.00168663
83   -7.5546   -7.54921   0.00166759
84   -7.53085   -7.54899   0.001662
85   -7.54975   -7.549   0.00164247
86   -7.50834   -7.54853   0.00169006
87   -7.53476   -7.54837   0.00167803
88   -7.5694   -7.54861   0.00167589
89   -7.55014   -7.54863   0.00165714
90   -7.5433   -7.54857   0.00163979
91   -7.57431   -7.54885   0.00164599
92   -7.54897   -7.54885   0.0016281
93   -7.54723   -7.54883   0.00161068
94   -7.56093   -7.54896   0.00159868
95   -7.51407   -7.5486   0.0016235
96   -7.52588   -7.54836   0.00162374
97   -7.51344   -7.548   0.00164641
98   -7.57935   -7.54832   0.00166039
99   -7.50603   -7.54789   0.00169767
100   -7.56974   -7.54811   0.0016947
101   -7.57686   -7.54839   0.00170166
102   -7.55419   -7.54845   0.00168592
103   -7.52195   -7.54819   0.00168907
104   -7.52544   -7.54798   0.00168694
105   -7.5362   -7.54786   0.0016746
106   -7.55367   -7.54792   0.0016597
107   -7.55703   -7.548   0.00164638
108   -7.52588   -7.5478   0.00164383
109   -7.53823   -7.54771   0.00163109
110   -7.58547   -7.54805   0.00165198
111   -7.54726   -7.54805   0.00163712
112   -7.52635   -7.54785   0.00163392
113   -7.5746   -7.54809   0.00163652
114   -7.5692   -7.54827   0.00163261
115   -7.53639   -7.54817   0.00162167
116   -7.55212   -7.54821   0.00160805
117   -7.54547   -7.54818   0.00159448
118   -7.55474   -7.54824   0.00158193
119   -7.53834   -7.54815   0.00157082
120   -7.57867   -7.54841   0.00157819
121   -7.5531   -7.54845   0.00156562
122   -7.54379   -7.54841   0.00155325
123   -7.54165   -7.54835   0.0015416
124   -7.55809   -7.54843   0.00153116
125   -7.51125   -7.54814   0.00154754
126   -7.54826   -7.54814   0.00153526
127   -7.56337   -7.54826   0.00152785
128   -7.54157   -7.5482   0.0015168
129   -7.55902   -7.54829   0.00150736
130   -7.53734   -7.5482   0.00149812
131   -7.53805   -7.54813   0.00148869
132   -7.5738   -7.54832   0.00149006
133   -7.55453   -7.54837   0.00147959
134   -7.51289   -7.5481   0.00149205
135   -7.53762   -7.54803   0.00148302
136   -7.52841   -7.54788   0.00147911
137   -7.52229   -7.54769   0.00148006
138   -7.55842   -7.54777   0.00147138
139   -7.56823   -7.54792   0.00146813
140   -7.54195   -7.54788   0.00145827
141   -7.56013   -7.54796   0.00145051
142   -7.55713   -7.54803   0.00144173
143   -7.52781   -7.54789   0.00143856
144   -7.54782   -7.54789   0.00142857
145   -7.53474   -7.5478   0.00142159
146   -7.57174   -7.54796   0.00142128
147   -7.54521   -7.54794   0.00141174
148   -7.5396   -7.54788   0.00140332
149   -7.51054   -7.54763   0.00141611
150   -7.5747   -7.54781   0.00141812
151   -7.54714   -7.54781   0.00140873
152   -7.54234   -7.54777   0.00139992
153   -7.54757   -7.54777   0.00139078
154   -7.60591   -7.54815   0.00143206
155   -7.52366   -7.54799   0.00143151
156   -7.53457   -7.54791   0.00142491
157   -7.54082   -7.54786   0.00141655
158   -7.51812   -7.54767   0.00142004
159   -7.55301   -7.54771   0.0014115
160   -7.55949   -7.54778   0.0014046
161   -7.53901   -7.54773   0.00139693
162   -7.56147   -7.54781   0.00139088
163   -7.56077   -7.54789   0.00138462
164   -7.52654   -7.54776   0.00138228
165   -7.54672   -7.54775   0.00137392
166   -7.53142   -7.54765   0.00136916
167   -7.53213   -7.54756   0.00136411
168   -7.5525   -7.54759   0.00135631
169   -7.54484   -7.54757   0.00134838
170   -7.53692   -7.54751   0.00134191
171   -7.55001   -7.54753   0.00133414
172   -7.53049   -7.54743   0.00133005
173   -7.53769   -7.54737   0.00132356
174   -7.54035   -7.54733   0.00131657
175   -7.54058   -7.54729   0.00130961
176   -7.55374   -7.54733   0.00130268
177   -7.56928   -7.54745   0.00130121
178   -7.51825   -7.54729   0.0013042
179   -7.53221   -7.5472   0.00129963
180   -7.55248   -7.54723   0.00129274
181   -7.54615   -7.54723   0.00128561
182   -7.53924   -7.54718   0.0012793
183   -7.51733   -7.54702   0.00128266
184   -7.56247   -7.5471   0.00127844
185   -7.54431   -7.54709   0.00127162
186   -7.55583   -7.54714   0.00126565
187   -7.50474   -7.54691   0.00127903
188   -7.56889   -7.54703   0.00127756
189   -7.54369   -7.54701   0.00127092
190   -7.54357   -7.54699   0.00126436
191   -7.55802   -7.54705   0.00125906
192   -7.55508   -7.54709   0.00125319
193   -7.55879   -7.54715   0.00124816
194   -7.55353   -7.54718   0.00124216
195   -7.57132   -7.54731   0.00124194
196   -7.53728   -7.54726   0.00123666
197   -7.53627   -7.5472   0.00123164
198   -7.56468   -7.54729   0.00122858
199   -7.51197   -7.54711   0.00123516
200   -7.52059   -7.54698   0.00123608
