0   -0.376162   0
1   -0.370723   0.0054389
2   -0.367045   0.00483597
3   -0.364803   0.00408938
4   -0.365932   0.00336283
5   -0.373297   0.00786016
6   -0.381463   0.0105273
7   -0.387698   0.011045
8   -0.389034   0.00983194
9   -0.391902   0.00924998
10   -0.397265   0.0099381
11   -0.400159   0.00952258
12   -0.401647   0.00888501
13   -0.401173   0.00823961
14   -0.401127   0.00767079
15   -0.402233   0.00726016
16   -0.404073   0.00706341
17   -0.404064   0.00665946
18   -0.403045   0.00638107
19   -0.401611   0.00622115
20   -0.400863   0.00596454
21   -0.400373   0.00570809
22   -0.398992   0.00562639
23   -0.396805   0.00581358
24   -0.395196   0.00580389
25   -0.395066   0.0055777
26   -0.394558   0.00539115
27   -0.394277   0.00520262
28   -0.394748   0.00504204
29   -0.395859   0.00499614
30   -0.397815   0.00521337
31   -0.399177   0.00522818
32   -0.400929   0.00536171
33   -0.402936   0.00557529
34   -0.404818   0.00573133
35   -0.405652   0.00563209
36   -0.405513   0.00547953
37   -0.405404   0.0053345
38   -0.405527   0.00519738
39   -0.405462   0.0050662
40   -0.405436   0.00494116
41   -0.406748   0.00499722
42   -0.408719   0.00526269
43   -0.408895   0.00514469
44   -0.408249   0.00507029
45   -0.408425   0.00496194
46   -0.408459   0.00485534
47   -0.40806   0.00476978
48   -0.407659   0.00468859
49   -0.406449   0.00475054
50   -0.404882   0.00491304
51   -0.404114   0.00487849
52   -0.403431   0.00483403
53   -0.402547   0.00482532
54   -0.401693   0.00481313
55   -0.401123   0.00476074
56   -0.400966   0.0046791
57   -0.400597   0.00461247
58   -0.40033   0.00454152
59   -0.400112   0.00447047
60   -0.399554   0.00443188
61   -0.399191   0.00437487
62   -0.39952   0.00431741
63   -0.400341   0.00432801
64   -0.401373   0.0043841
65   -0.401901   0.00434931
66   -0.401767   0.00428601
67   -0.401404   0.00423806
68   -0.400809   0.00421836
69   -0.400308   0.00418779
70   -0.400155   0.0041312
71   -0.400116   0.0040736
72   -0.400302   0.00402167
73   -0.400193   0.00396844
74   -0.399943   0.00392311
75   -0.399354   0.00391578
76   -0.398941   0.00388656
77   -0.399037   0.00383761
78   -0.399461   0.00381238
79   -0.399776   0.00377757
80   -0.400058   0.00374132
81   -0.400091   0.00369555
82   -0.399802   0.00366213
83   -0.399829   0.00361836
84   -0.400029   0.00358114
85   -0.400188   0.00354285
86   -0.400083   0.00350348
87   -0.399909   0.00346779
88   -0.400132   0.00343588
89   -0.400993   0.00350477
90   -0.401902   0.00358314
91   -0.402874   0.00367509
92   -0.40376   0.00374159
93   -0.404441   0.00376368
94   -0.404966   0.00376076
95   -0.40529   0.00373548
96   -0.405767   0.0037274
97   -0.406311   0.00372897
98   -0.406441   0.00369342
99   -0.406273   0.00366015
