0   -6.63821   0
1   -6.61953   0.0186851
2   -6.61168   0.0133383
3   -6.61872   0.0117671
4   -6.61708   0.00926161
5   -6.61813   0.00763463
6   -6.61678   0.00659171
7   -6.61856   0.00598098
8   -6.61898   0.0052911
9   -6.6178   0.00487803
10   -6.61798   0.00441623
11   -6.61698   0.00415472
12   -6.61778   0.00390592
13   -6.61939   0.0039582
14   -6.61895   0.00371127
15   -6.61865   0.00348473
16   -6.61857   0.00327425
17   -6.61906   0.00312642
18   -6.61898   0.00295865
19   -6.61874   0.00281691
20   -6.61872   0.00267945
21   -6.61888   0.00255969
22   -6.61945   0.00251182
23   -6.61876   0.00250275
24   -6.61911   0.00242562
25   -6.61893   0.00233712
26   -6.61902   0.00225055
27   -6.61955   0.00223273
28   -6.61937   0.0021616
29   -6.61961   0.0021019
30   -6.61921   0.00207195
31   -6.61909   0.00200971
32   -6.61941   0.00197381
33   -6.61936   0.0019155
34   -6.6192   0.00186738
35   -6.61913   0.00181595
36   -6.61977   0.00187907
37   -6.619   0.0019846
38   -6.61944   0.00198307
39   -6.61964   0.00194317
40   -6.6196   0.00189566
41   -6.61944   0.00185664
42   -6.61981   0.00184925
43   -6.61908   0.00194666
44   -6.6192   0.00190626
45   -6.61961   0.00191005
46   -6.6196   0.00186899
47   -6.61954   0.00183095
48   -6.61925   0.00181542
49   -6.61929   0.00177907
50   -6.6195   0.00175707
51   -6.61955   0.00172374
52   -6.61971   0.00169812
53   -6.61941   0.00169352
54   -6.61997   0.00175507
55   -6.61941   0.00181316
56   -6.61942   0.00178114
57   -6.61931   0.00175407
58   -6.61898   0.00175499
59   -6.6192   0.00173981
60   -6.61886   0.00174456
61   -6.6187   0.00172399
62   -6.61884   0.00170252
63   -6.61887   0.00167592
64   -6.61875   0.00165395
65   -6.61905   0.00165468
66   -6.61906   0.00162989
67   -6.61887   0.00161698
68   -6.61876   0.00159734
69   -6.61889   0.00158012
70   -6.61882   0.0015597
71   -6.61888   0.00153919
72   -6.61901   0.00152383
73   -6.6188   0.00151825
74   -6.61871   0.00150046
75   -6.61915   0.00154472
76   -6.619   0.00153195
77   -6.61894   0.00151359
78   -6.61892   0.00149435
79   -6.61874   0.00148739
80   -6.61876   0.00146915
81   -6.61879   0.00145131
82   -6.61855   0.00145384
83   -6.61853   0.0014365
84   -6.61848   0.00142053
85   -6.61869   0.00141931
86   -6.61873   0.00140349
87   -6.61839   0.00142793
88   -6.61867   0.00143972
89   -6.61873   0.00142487
90   -6.61879   0.00141026
91   -6.61867   0.0013997
92   -6.61893   0.00140932
93   -6.61884   0.00139747
94   -6.61878   0.00138405
95   -6.6188   0.00136978
96   -6.61872   0.00135788
97   -6.6187   0.00134409
98   -6.61876   0.00133151
99   -6.61876   0.00131814
